\BOOKMARK [1][-]{section.1}{\376\377\000I\000n\000t\000r\000o\000d\000u\000c\000t\000i\000o\000n}{}% 1
\BOOKMARK [1][-]{section.2}{\376\377\000W\000h\000y\000\040\000p\000r\000e\000s\000e\000r\000v\000e\000\040\000l\000e\000g\000a\000c\000y\000\040\000s\000o\000u\000r\000c\000e\000\040\000c\000o\000d\000e\000?}{}% 2
\BOOKMARK [1][-]{section.3}{\376\377\000W\000h\000a\000t\000\040\000i\000f\000\040\000I\000\040\000a\000m\000\040\000s\000t\000u\000c\000k\000\040\000o\000r\000\040\000h\000a\000v\000e\000\040\000a\000\040\000q\000u\000e\000s\000t\000i\000o\000n\000\040\000?}{}% 3
\BOOKMARK [1][-]{section.4}{\376\377\000R\000e\000q\000u\000i\000r\000e\000m\000e\000n\000t\000s\000\040\000a\000n\000d\000\040\000s\000e\000t\000u\000p}{}% 4
\BOOKMARK [2][-]{subsection.4.1}{\376\377\000A\000\040\000s\000o\000u\000r\000c\000e\000\040\000c\000o\000d\000e\000\040\000i\000n\000\040\000m\000a\000c\000h\000i\000n\000e\000\040\000r\000e\000a\000d\000a\000b\000l\000e\000\040\000f\000o\000r\000m\000a\000t}{section.4}% 5
\BOOKMARK [2][-]{subsection.4.2}{\376\377\000A\000\040\000G\000i\000t\000h\000u\000b\000\040\000a\000c\000c\000o\000u\000n\000t}{section.4}% 6
\BOOKMARK [2][-]{subsection.4.3}{\376\377\000A\000\040\000U\000n\000i\000x\000\040\000C\000o\000n\000s\000o\000l\000e}{section.4}% 7
\BOOKMARK [2][-]{subsection.4.4}{\376\377\000G\000i\000t}{section.4}% 8
\BOOKMARK [2][-]{subsection.4.5}{\376\377\000C\000o\000n\000n\000e\000c\000t\000\040\000t\000o\000\040\000G\000i\000t\000H\000u\000b\000\040\000w\000i\000t\000h\000\040\000S\000S\000H}{section.4}% 9
\BOOKMARK [1][-]{section.5}{\376\377\000P\000r\000e\000p\000a\000r\000i\000n\000g\000\040\000y\000o\000u\000r\000\040\000s\000o\000u\000r\000c\000e\000\040\000c\000o\000d\000e\000\040\000f\000o\000r\000\040\000a\000r\000c\000h\000i\000v\000i\000n\000g}{}% 10
\BOOKMARK [2][-]{subsection.5.1}{\376\377\000F\000i\000n\000a\000l\000\040\000r\000e\000s\000u\000l\000t}{section.5}% 11
\BOOKMARK [2][-]{subsection.5.2}{\376\377\000P\000r\000e\000p\000a\000r\000e\000\040\000y\000o\000u\000r\000\040\000c\000o\000d\000e\000\040\000f\000o\000r\000\040\000a\000r\000c\000h\000i\000v\000a\000l}{section.5}% 12
\BOOKMARK [2][-]{subsection.5.3}{\376\377\000S\000e\000t\000\040\000u\000p\000\040\000y\000o\000u\000r\000\040\000w\000o\000r\000k\000i\000n\000g\000\040\000e\000n\000v\000i\000r\000o\000n\000m\000e\000n\000t}{section.5}% 13
\BOOKMARK [2][-]{subsection.5.4}{\376\377\000U\000p\000l\000o\000a\000d\000\040\000c\000o\000l\000l\000e\000c\000t\000e\000d\000\040\000f\000i\000l\000e\000s}{section.5}% 14
\BOOKMARK [2][-]{subsection.5.5}{\376\377\000F\000i\000l\000l\000\040\000i\000n\000\040\000t\000h\000e\000\040\000m\000e\000t\000a\000d\000a\000t\000a}{section.5}% 15
\BOOKMARK [2][-]{subsection.5.6}{\376\377\000U\000p\000l\000o\000a\000d\000\040\000m\000a\000c\000h\000i\000n\000e\000\040\000r\000e\000a\000d\000a\000b\000l\000e\000\040\000s\000o\000u\000r\000c\000e\000\040\000c\000o\000d\000e}{section.5}% 16
\BOOKMARK [2][-]{subsection.5.7}{\376\377\000\050\000R\000e\000-\000\051\000C\000r\000e\000a\000t\000e\000\040\000t\000h\000e\000\040\000d\000e\000v\000e\000l\000o\000p\000m\000e\000n\000t\000\040\000H\000i\000s\000t\000o\000r\000y}{section.5}% 17
\BOOKMARK [3][-]{section*.8}{\376\377\000M\000a\000n\000u\000a\000l\000l\000y}{subsection.5.7}% 18
\BOOKMARK [2][-]{subsection.5.8}{\376\377\000C\000r\000e\000a\000t\000e\000\040\000t\000h\000e\000\040\000f\000i\000n\000a\000l\000\040\000r\000e\000p\000o\000s\000i\000t\000o\000r\000y}{section.5}% 19
\BOOKMARK [1][-]{section.6}{\376\377\000T\000r\000i\000g\000g\000e\000r\000\040\000t\000h\000e\000\040\000S\000o\000f\000t\000w\000a\000r\000e\000\040\000H\000e\000r\000i\000t\000a\000g\000e\000\040\000A\000c\000q\000u\000i\000s\000i\000t\000i\000o\000n}{}% 20
\BOOKMARK [2][-]{figure.caption.12}{\376\377\000C\000o\000n\000g\000r\000a\000t\000s}{section.6}% 21
